\BOOKMARK [0][-]{spisTresci.1.0}{\376\377\000S\000p\000i\000s\000\040\000t\000r\000e\001\133\000c\000i}{}% 1
\BOOKMARK [0][-]{chapter.1}{\376\377\000W\000p\000r\000o\000w\000a\000d\000z\000e\000n\000i\000e}{}% 2
\BOOKMARK [1][-]{section.1.1}{\376\377\000P\000o\000m\000y\000s\001\102\000,\000\040\000m\000o\000t\000y\000w\000a\000c\000j\000a\000,\000\040\000s\000t\000a\000n\000\040\000r\000y\000n\000k\000u}{chapter.1}% 3
\BOOKMARK [1][-]{section.1.2}{\376\377\000Z\000a\000r\000y\000s\000\040\000p\000r\000o\000j\000e\000k\000t\000u}{chapter.1}% 4
\BOOKMARK [1][-]{section.1.3}{\376\377\000P\000r\000z\000e\000z\000n\000a\000c\000z\000e\000n\000i\000e\000\040\000p\000r\000o\000j\000e\000k\000t\000u}{chapter.1}% 5
\BOOKMARK [0][-]{chapter.2}{\376\377\000Z\000a\000k\000r\000e\000s\000\040\000p\000r\000o\000j\000e\000k\000t\000u}{}% 6
\BOOKMARK [1][-]{section.2.1}{\376\377\000C\000e\000l\000\040\000p\000r\000o\000j\000e\000k\000t\000u}{chapter.2}% 7
\BOOKMARK [1][-]{section.2.2}{\376\377\000F\000u\000n\000k\000c\000j\000o\000n\000a\000l\000n\000o\001\133\000c\000i\000\040\000p\000o\000d\000s\000t\000a\000w\000o\000w\000e}{chapter.2}% 8
\BOOKMARK [1][-]{section.2.3}{\376\377\000F\000u\000n\000k\000c\000j\000o\000n\000a\000l\000n\000o\001\133\000c\000i\000\040\000r\000o\000z\000s\000z\000e\000r\000z\000o\000n\000e}{chapter.2}% 9
\BOOKMARK [1][-]{section.2.4}{\376\377\000W\000y\000m\000a\000g\000a\000n\000i\000a\000\040\000t\000e\000c\000h\000n\000o\000l\000o\000g\000i\000c\000z\000n\000e}{chapter.2}% 10
\BOOKMARK [0][-]{chapter.3}{\376\377\000C\000h\000a\000r\000a\000k\000t\000e\000r\000y\000s\000t\000y\000k\000a\000\040\000p\000r\000o\000j\000e\000k\000t\000u}{}% 11
\BOOKMARK [1][-]{section.3.1}{\376\377\000C\000y\000k\000l\000\040\001\174\000y\000c\000i\000a\000\040\000a\000p\000l\000i\000k\000a\000c\000j\000i}{chapter.3}% 12
\BOOKMARK [1][-]{section.3.2}{\376\377\000T\000e\000c\000h\000n\000o\000l\000o\000g\000i\000a}{chapter.3}% 13
\BOOKMARK [2][-]{subsection.3.2.1}{\376\377\000M\000o\000d\000u\001\102\000\040\000a\000p\000l\000i\000k\000a\000c\000j\000i\000\040\000\050\000D\000j\000a\000n\000g\000o\000\051}{section.3.2}% 14
\BOOKMARK [2][-]{subsection.3.2.2}{\376\377\000M\000o\000d\000u\001\102\000\040\000k\000l\000a\000s\000t\000r\000a\000\040\000\050\000A\000p\000a\000c\000h\000e\000\040\000S\000p\000a\000r\000k\000\051}{section.3.2}% 15
\BOOKMARK [2][-]{subsection.3.2.3}{\376\377\000M\000o\000d\000u\001\102\000\040\000z\000a\000r\000z\001\005\000d\000z\000a\000j\001\005\000c\000y\000\040\000\050\000S\000p\000a\000r\000k\000-\000S\000c\000h\000e\000d\000u\000l\000e\000r\000\051}{section.3.2}% 16
\BOOKMARK [2][-]{subsection.3.2.4}{\376\377\000M\000o\000d\000u\001\102\000\040\000a\000s\000y\000n\000c\000h\000r\000o\000n\000i\000c\000z\000n\000y\000\040\000\050\000S\000o\000c\000k\000e\000t\000-\000S\000e\000r\000v\000e\000r\000\051}{section.3.2}% 17
\BOOKMARK [0][-]{chapter.4}{\376\377\000I\000m\000p\000l\000e\000m\000e\000n\000t\000a\000c\000j\000a}{}% 18
\BOOKMARK [1][-]{section.4.1}{\376\377\000A\000p\000l\000i\000k\000a\000c\000j\000a}{chapter.4}% 19
\BOOKMARK [1][-]{section.4.2}{\376\377\000L\000o\000g\000g\000e\000r}{chapter.4}% 20
\BOOKMARK [1][-]{section.4.3}{\376\377\000Z\000a\000r\000z\001\005\000d\000z\000a\000n\000i\000e\000\040\000z\000a\000d\000a\000n\000i\000a\000m\000i}{chapter.4}% 21
\BOOKMARK [1][-]{section.4.4}{\376\377\000S\000y\000m\000u\000l\000a\000c\000j\000a}{chapter.4}% 22
\BOOKMARK [0][-]{chapter.5}{\376\377\000I\000n\000s\000t\000a\000l\000a\000c\000j\000a\000\040\000i\000\040\000u\000r\000u\000c\000h\000o\000m\000i\000e\000n\000i\000e\000\040\000a\000p\000l\000i\000k\000a\000c\000j\000i}{}% 23
\BOOKMARK [1][-]{section.5.1}{\376\377\000P\000r\000o\000c\000e\000s\000\040\000i\000n\000s\000t\000a\000l\000a\000c\000j\000i}{chapter.5}% 24
\BOOKMARK [1][-]{section.5.2}{\376\377\000T\000w\000o\000r\000z\000e\000n\000i\000e\000\040\000k\000l\000a\000s\000t\000r\000a}{chapter.5}% 25
\BOOKMARK [1][-]{section.5.3}{\376\377\000U\000r\000u\000c\000h\000o\000m\000i\000e\000n\000i\000e\000\040\000G\000R\000A\000V\000I\000s\000i\000m}{chapter.5}% 26
\BOOKMARK [0][-]{chapter.6}{\376\377\000I\000n\000s\000t\000r\000u\000k\000c\000j\000a\000\040\000u\001\174\000y\000t\000k\000o\000w\000n\000i\000k\000a}{}% 27
\BOOKMARK [0][-]{chapter.7}{\376\377\000B\000a\000d\000a\000n\000i\000e\000\040\000z\001\102\000o\001\174\000o\000n\000o\001\133\000c\000i\000\040\000o\000b\000l\000i\000c\000z\000e\000n\000i\000o\000w\000e\000j}{}% 28
\BOOKMARK [1][-]{section.7.1}{\376\377\000Z\000e\000s\000t\000a\000w\000\040\000k\000o\000n\000f\000i\000g\000u\000r\000a\000c\000y\000j\000n\000y}{chapter.7}% 29
\BOOKMARK [1][-]{section.7.2}{\376\377\000W\000y\000n\000i\000k\000i\000\040\000b\000a\000d\000a\001\104}{chapter.7}% 30
\BOOKMARK [1][-]{section.7.3}{\376\377\000A\000n\000a\000l\000i\000z\000a\000\040\000w\000y\000n\000i\000k\000\363\000w}{chapter.7}% 31
\BOOKMARK [0][-]{chapter.8}{\376\377\000P\000o\000d\000s\000u\000m\000o\000w\000a\000n\000i\000e\000\040\000i\000\040\000w\000n\000i\000o\000s\000k\000i}{}% 32
\BOOKMARK [0][-]{spisRysunkow.1.0}{\376\377\000S\000p\000i\000s\000\040\000r\000y\000s\000u\000n\000k\000\363\000w}{}% 33
\BOOKMARK [0][-]{section*.1}{\376\377\000I\000n\000d\000e\000k\000s\000\040\000r\000z\000e\000c\000z\000o\000w\000y}{}% 34
